{"uuid":"7c2e67ee-5bce-4268-9218-ed1f0785a607","historyId":"a6558e9ee119a66b0bff61739d13daa3","fullName":"org.test.Download_upload_File.downloadFile","labels":[{"name":"package","value":"org.test.Download_upload_File"},{"name":"testClass","value":"org.test.Download_upload_File"},{"name":"testMethod","value":"downloadFile"},{"name":"parentSuite","value":"Default Suite"},{"name":"suite","value":"Demo_PPT_TestNg"},{"name":"subSuite","value":"org.test.Download_upload_File"},{"name":"host","value":"SC-IN-FV42KS3"},{"name":"thread","value":"16044@SC-IN-FV42KS3.main(1)"},{"name":"framework","value":"testng"},{"name":"language","value":"java"}],"links":[],"name":"downloadFile","status":"failed","statusDetails":{"known":false,"muted":false,"flaky":false,"message":"Invalid element state [By.xpath: //body[1]/main[1]/div[3]/div[2]/div[1]/div[1]/div[1]/div[3]/a[1]]: element click intercepted: Element <a data-testid=\"1749464327301_csv-microsoft-excel-example-file-upload.csv\" download=\"\" href=\"download/1749464327301_csv-microsoft-excel-example-file-upload.csv\">...</a> is not clickable at point (445, 12). Other element would receive the click: <nav class=\"container flex-wrap flex-md-nowrap\" aria-label=\"Main navigation\">...</nav>\r\nScreenshot: file:/C:/Users/SanthoshUdhayakumar/IdeaProjects/Demo_PPT_TestNg/build/reports/tests/1749534698595.0.png\r\nPage source: file:/C:/Users/SanthoshUdhayakumar/IdeaProjects/Demo_PPT_TestNg/build/reports/tests/1749534698595.0.html\r\nTimeout: 4 s.\r\nCaused by: ElementClickInterceptedException: element click intercepted: Element <a data-testid=\"1749464327301_csv-microsoft-excel-example-file-upload.csv\" download=\"\" href=\"download/1749464327301_csv-microsoft-excel-example-file-upload.csv\">...</a> is not clickable at point (445, 12). Other element would receive the click: <nav class=\"container flex-wrap flex-md-nowrap\" aria-label=\"Main navigation\">...</nav>","trace":"Invalid element state [By.xpath: //body[1]/main[1]/div[3]/div[2]/div[1]/div[1]/div[1]/div[3]/a[1]]: element click intercepted: Element <a data-testid=\"1749464327301_csv-microsoft-excel-example-file-upload.csv\" download=\"\" href=\"download/1749464327301_csv-microsoft-excel-example-file-upload.csv\">...</a> is not clickable at point (445, 12). Other element would receive the click: <nav class=\"container flex-wrap flex-md-nowrap\" aria-label=\"Main navigation\">...</nav>\r\nScreenshot: file:/C:/Users/SanthoshUdhayakumar/IdeaProjects/Demo_PPT_TestNg/build/reports/tests/1749534698595.0.png\r\nPage source: file:/C:/Users/SanthoshUdhayakumar/IdeaProjects/Demo_PPT_TestNg/build/reports/tests/1749534698595.0.html\r\nTimeout: 4 s.\r\nCaused by: ElementClickInterceptedException: element click intercepted: Element <a data-testid=\"1749464327301_csv-microsoft-excel-example-file-upload.csv\" download=\"\" href=\"download/1749464327301_csv-microsoft-excel-example-file-upload.csv\">...</a> is not clickable at point (445, 12). Other element would receive the click: <nav class=\"container flex-wrap flex-md-nowrap\" aria-label=\"Main navigation\">...</nav>\r\n\tat com.codeborne.selenide.impl.ExceptionWrapper.wrap(ExceptionWrapper.java:26)\r\n\tat com.codeborne.selenide.impl.SelenideElementProxy.dispatchAndRetry(SelenideElementProxy.java:156)\r\n\tat com.codeborne.selenide.impl.SelenideElementProxy.invoke(SelenideElementProxy.java:86)\r\n\tat jdk.proxy2/jdk.proxy2.$Proxy11.click(Unknown Source)\r\n\tat org.test.Download_upload_File.downloadFile(Download_upload_File.java:32)\r\n\tat java.base/jdk.internal.reflect.DirectMethodHandleAccessor.invoke(DirectMethodHandleAccessor.java:103)\r\n\tat java.base/java.lang.reflect.Method.invoke(Method.java:580)\r\n\tat org.testng.internal.MethodInvocationHelper.invokeMethod(MethodInvocationHelper.java:124)\r\n\tat org.testng.internal.Invoker.invokeMethod(Invoker.java:583)\r\n\tat org.testng.internal.Invoker.invokeTestMethod(Invoker.java:719)\r\n\tat org.testng.internal.Invoker.invokeTestMethods(Invoker.java:989)\r\n\tat org.testng.internal.TestMethodWorker.invokeTestMethods(TestMethodWorker.java:125)\r\n\tat org.testng.internal.TestMethodWorker.run(TestMethodWorker.java:109)\r\n\tat org.testng.TestRunner.privateRun(TestRunner.java:648)\r\n\tat org.testng.TestRunner.run(TestRunner.java:505)\r\n\tat org.testng.SuiteRunner.runTest(SuiteRunner.java:455)\r\n\tat org.testng.SuiteRunner.runSequentially(SuiteRunner.java:450)\r\n\tat org.testng.SuiteRunner.privateRun(SuiteRunner.java:415)\r\n\tat org.testng.SuiteRunner.run(SuiteRunner.java:364)\r\n\tat org.testng.SuiteRunnerWorker.runSuite(SuiteRunnerWorker.java:52)\r\n\tat org.testng.SuiteRunnerWorker.run(SuiteRunnerWorker.java:84)\r\n\tat org.testng.TestNG.runSuitesSequentially(TestNG.java:1208)\r\n\tat org.testng.TestNG.runSuitesLocally(TestNG.java:1137)\r\n\tat org.testng.TestNG.runSuites(TestNG.java:1049)\r\n\tat org.testng.TestNG.run(TestNG.java:1017)\r\n\tat com.intellij.rt.testng.IDEARemoteTestNG.run(IDEARemoteTestNG.java:65)\r\n\tat com.intellij.rt.testng.RemoteTestNGStarter.main(RemoteTestNGStarter.java:105)\r\nCaused by: org.openqa.selenium.ElementClickInterceptedException: element click intercepted: Element <a data-testid=\"1749464327301_csv-microsoft-excel-example-file-upload.csv\" download=\"\" href=\"download/1749464327301_csv-microsoft-excel-example-file-upload.csv\">...</a> is not clickable at point (445, 12). Other element would receive the click: <nav class=\"container flex-wrap flex-md-nowrap\" aria-label=\"Main navigation\">...</nav>\n  (Session info: chrome=137.0.7151.69)\nBuild info: version: '4.25.0', revision: '8a8aea2337'\nSystem info: os.name: 'Windows 11', os.arch: 'amd64', os.version: '10.0', java.version: '21.0.6'\nDriver info: org.openqa.selenium.chrome.ChromeDriver\nCommand: [0cec13a2f53b44fbd897486393920db9, clickElement {id=f.EAEA2638DCCAA971A745E2DAFFD5CD1A.d.9766FBCE337D7DD308A8D5DD7EF4F9EA.e.19}]\nCapabilities {acceptInsecureCerts: true, browserName: chrome, browserVersion: 137.0.7151.69, chrome: {chromedriverVersion: 137.0.7151.68 (2989ffee9373..., userDataDir: C:\\Users\\SANTHO~1\\AppData\\L...}, fedcm:accounts: true, goog:chromeOptions: {debuggerAddress: localhost:62880}, networkConnectionEnabled: false, pageLoadStrategy: normal, platformName: windows, proxy: Proxy(), se:cdp: ws://localhost:62880/devtoo..., se:cdpVersion: 137.0.7151.69, setWindowRect: true, strictFileInteractability: false, timeouts: {implicit: 0, pageLoad: 300000, script: 30000}, unhandledPromptBehavior: accept, webauthn:extension:credBlob: true, webauthn:extension:largeBlob: true, webauthn:extension:minPinLength: true, webauthn:extension:prf: true, webauthn:virtualAuthenticators: true}\nElement: [[ChromeDriver: chrome on windows (0cec13a2f53b44fbd897486393920db9)] -> xpath: //body[1]/main[1]/div[3]/div[2]/div[1]/div[1]/div[1]/div[3]/a[1]]\nSession ID: 0cec13a2f53b44fbd897486393920db9\r\n\tat java.base/jdk.internal.reflect.DirectConstructorHandleAccessor.newInstance(DirectConstructorHandleAccessor.java:62)\r\n\tat java.base/java.lang.reflect.Constructor.newInstanceWithCaller(Constructor.java:502)\r\n\tat java.base/java.lang.reflect.Constructor.newInstance(Constructor.java:486)\r\n\tat org.openqa.selenium.remote.ErrorCodec.decode(ErrorCodec.java:167)\r\n\tat org.openqa.selenium.remote.codec.w3c.W3CHttpResponseCodec.decode(W3CHttpResponseCodec.java:138)\r\n\tat org.openqa.selenium.remote.codec.w3c.W3CHttpResponseCodec.decode(W3CHttpResponseCodec.java:50)\r\n\tat org.openqa.selenium.remote.HttpCommandExecutor.execute(HttpCommandExecutor.java:190)\r\n\tat org.openqa.selenium.remote.service.DriverCommandExecutor.invokeExecute(DriverCommandExecutor.java:216)\r\n\tat org.openqa.selenium.remote.service.DriverCommandExecutor.execute(DriverCommandExecutor.java:174)\r\n\tat org.openqa.selenium.remote.RemoteWebDriver.execute(RemoteWebDriver.java:545)\r\n\tat org.openqa.selenium.remote.RemoteWebElement.execute(RemoteWebElement.java:223)\r\n\tat org.openqa.selenium.remote.RemoteWebElement.click(RemoteWebElement.java:76)\r\n\tat com.codeborne.selenide.commands.Click.defaultClick(Click.java:106)\r\n\tat com.codeborne.selenide.commands.Click.doClick(Click.java:83)\r\n\tat com.codeborne.selenide.commands.Click.click(Click.java:59)\r\n\tat com.codeborne.selenide.commands.Click.execute(Click.java:34)\r\n\tat com.codeborne.selenide.commands.Click.execute(Click.java:26)\r\n\tat com.codeborne.selenide.commands.Commands.execute(Commands.java:162)\r\n\tat com.codeborne.selenide.impl.SelenideElementProxy.dispatchAndRetry(SelenideElementProxy.java:134)\r\n\t... 25 more\r\n"},"stage":"finished","steps":[],"attachments":[],"parameters":[],"start":1749534687418,"stop":1749534698810}