{"uuid":"e5263b7b-bbc5-4841-9c9f-e434b3f9077e","historyId":"a6558e9ee119a66b0bff61739d13daa3","fullName":"org.test.Download_upload_File.downloadFile","labels":[{"name":"package","value":"org.test.Download_upload_File"},{"name":"testClass","value":"org.test.Download_upload_File"},{"name":"testMethod","value":"downloadFile"},{"name":"parentSuite","value":"suite"},{"name":"suite","value":"PPTExecution"},{"name":"subSuite","value":"org.test.Download_upload_File"},{"name":"host","value":"SC-IN-FV42KS3"},{"name":"thread","value":"20176@SC-IN-FV42KS3.TestNG-test=PPTExecution-1(32)"},{"name":"framework","value":"testng"},{"name":"language","value":"java"}],"links":[],"name":"downloadFile","status":"failed","statusDetails":{"known":false,"muted":false,"flaky":false,"message":"Invalid element state [By.xpath: (//div[@class='d-flex mb-2'])[1]]: element click intercepted: Element <div class=\"d-flex mb-2\">...</div> is not clickable at point (634, 61). Other element would receive the click: <nav class=\"container flex-wrap flex-md-nowrap\" aria-label=\"Main navigation\">...</nav>\r\nScreenshot: file:/C:/Users/SanthoshUdhayakumar/IdeaProjects/Demo_PPT_TestNg/build/reports/tests/1749827804370.0.png\r\nPage source: file:/C:/Users/SanthoshUdhayakumar/IdeaProjects/Demo_PPT_TestNg/build/reports/tests/1749827804370.0.html\r\nTimeout: 4 s.\r\nCaused by: ElementClickInterceptedException: element click intercepted: Element <div class=\"d-flex mb-2\">...</div> is not clickable at point (634, 61). Other element would receive the click: <nav class=\"container flex-wrap flex-md-nowrap\" aria-label=\"Main navigation\">...</nav>","trace":"Invalid element state [By.xpath: (//div[@class='d-flex mb-2'])[1]]: element click intercepted: Element <div class=\"d-flex mb-2\">...</div> is not clickable at point (634, 61). Other element would receive the click: <nav class=\"container flex-wrap flex-md-nowrap\" aria-label=\"Main navigation\">...</nav>\r\nScreenshot: file:/C:/Users/SanthoshUdhayakumar/IdeaProjects/Demo_PPT_TestNg/build/reports/tests/1749827804370.0.png\r\nPage source: file:/C:/Users/SanthoshUdhayakumar/IdeaProjects/Demo_PPT_TestNg/build/reports/tests/1749827804370.0.html\r\nTimeout: 4 s.\r\nCaused by: ElementClickInterceptedException: element click intercepted: Element <div class=\"d-flex mb-2\">...</div> is not clickable at point (634, 61). Other element would receive the click: <nav class=\"container flex-wrap flex-md-nowrap\" aria-label=\"Main navigation\">...</nav>\r\n\tat com.codeborne.selenide.impl.ExceptionWrapper.wrap(ExceptionWrapper.java:26)\r\n\tat com.codeborne.selenide.impl.SelenideElementProxy.dispatchAndRetry(SelenideElementProxy.java:156)\r\n\tat com.codeborne.selenide.impl.SelenideElementProxy.invoke(SelenideElementProxy.java:86)\r\n\tat jdk.proxy2/jdk.proxy2.$Proxy11.click(Unknown Source)\r\n\tat org.test.Download_upload_File.downloadFile(Download_upload_File.java:34)\r\n\tat java.base/jdk.internal.reflect.DirectMethodHandleAccessor.invoke(DirectMethodHandleAccessor.java:103)\r\n\tat java.base/java.lang.reflect.Method.invoke(Method.java:580)\r\n\tat org.testng.internal.MethodInvocationHelper.invokeMethod(MethodInvocationHelper.java:124)\r\n\tat org.testng.internal.Invoker.invokeMethod(Invoker.java:583)\r\n\tat org.testng.internal.Invoker.invokeTestMethod(Invoker.java:719)\r\n\tat org.testng.internal.Invoker.invokeTestMethods(Invoker.java:989)\r\n\tat org.testng.internal.TestMethodWorker.invokeTestMethods(TestMethodWorker.java:125)\r\n\tat org.testng.internal.TestMethodWorker.run(TestMethodWorker.java:109)\r\n\tat java.base/java.util.concurrent.ThreadPoolExecutor.runWorker(ThreadPoolExecutor.java:1144)\r\n\tat java.base/java.util.concurrent.ThreadPoolExecutor$Worker.run(ThreadPoolExecutor.java:642)\r\n\tat java.base/java.lang.Thread.run(Thread.java:1583)\r\nCaused by: org.openqa.selenium.ElementClickInterceptedException: element click intercepted: Element <div class=\"d-flex mb-2\">...</div> is not clickable at point (634, 61). Other element would receive the click: <nav class=\"container flex-wrap flex-md-nowrap\" aria-label=\"Main navigation\">...</nav>\n  (Session info: chrome=137.0.7151.104)\nBuild info: version: '4.25.0', revision: '8a8aea2337'\nSystem info: os.name: 'Windows 11', os.arch: 'amd64', os.version: '10.0', java.version: '21.0.6'\nDriver info: org.openqa.selenium.chrome.ChromeDriver\nCommand: [a00d30a174a37491de354200344c9033, clickElement {id=f.6449E25B7DB489F1A613CE2BE1797DA8.d.8A12109A8447E920EB8A349D9D41DF7A.e.65}]\nCapabilities {acceptInsecureCerts: true, browserName: chrome, browserVersion: 137.0.7151.104, chrome: {chromedriverVersion: 137.0.7151.70 (dfa4dc56b2ab..., userDataDir: C:\\Users\\SANTHO~1\\AppData\\L...}, fedcm:accounts: true, goog:chromeOptions: {debuggerAddress: localhost:61744}, networkConnectionEnabled: false, pageLoadStrategy: normal, platformName: windows, proxy: Proxy(), se:cdp: ws://localhost:61744/devtoo..., se:cdpVersion: 137.0.7151.104, setWindowRect: true, strictFileInteractability: false, timeouts: {implicit: 0, pageLoad: 300000, script: 30000}, unhandledPromptBehavior: accept, webauthn:extension:credBlob: true, webauthn:extension:largeBlob: true, webauthn:extension:minPinLength: true, webauthn:extension:prf: true, webauthn:virtualAuthenticators: true}\nElement: [[ChromeDriver: chrome on windows (a00d30a174a37491de354200344c9033)] -> xpath: (//div[@class='d-flex mb-2'])[1]]\nSession ID: a00d30a174a37491de354200344c9033\r\n\tat java.base/jdk.internal.reflect.DirectConstructorHandleAccessor.newInstance(DirectConstructorHandleAccessor.java:62)\r\n\tat java.base/java.lang.reflect.Constructor.newInstanceWithCaller(Constructor.java:502)\r\n\tat java.base/java.lang.reflect.Constructor.newInstance(Constructor.java:486)\r\n\tat org.openqa.selenium.remote.ErrorCodec.decode(ErrorCodec.java:167)\r\n\tat org.openqa.selenium.remote.codec.w3c.W3CHttpResponseCodec.decode(W3CHttpResponseCodec.java:138)\r\n\tat org.openqa.selenium.remote.codec.w3c.W3CHttpResponseCodec.decode(W3CHttpResponseCodec.java:50)\r\n\tat org.openqa.selenium.remote.HttpCommandExecutor.execute(HttpCommandExecutor.java:190)\r\n\tat org.openqa.selenium.remote.service.DriverCommandExecutor.invokeExecute(DriverCommandExecutor.java:216)\r\n\tat org.openqa.selenium.remote.service.DriverCommandExecutor.execute(DriverCommandExecutor.java:174)\r\n\tat org.openqa.selenium.remote.RemoteWebDriver.execute(RemoteWebDriver.java:545)\r\n\tat org.openqa.selenium.remote.RemoteWebElement.execute(RemoteWebElement.java:223)\r\n\tat org.openqa.selenium.remote.RemoteWebElement.click(RemoteWebElement.java:76)\r\n\tat com.codeborne.selenide.commands.Click.defaultClick(Click.java:106)\r\n\tat com.codeborne.selenide.commands.Click.doClick(Click.java:83)\r\n\tat com.codeborne.selenide.commands.Click.click(Click.java:59)\r\n\tat com.codeborne.selenide.commands.Click.execute(Click.java:34)\r\n\tat com.codeborne.selenide.commands.Click.execute(Click.java:26)\r\n\tat com.codeborne.selenide.commands.Commands.execute(Commands.java:162)\r\n\tat com.codeborne.selenide.impl.SelenideElementProxy.dispatchAndRetry(SelenideElementProxy.java:134)\r\n\t... 14 more\r\n"},"stage":"finished","steps":[],"attachments":[],"parameters":[],"start":1749827795370,"stop":1749827804513}